# JRE version: Java(TM) SE Runtime Environment (8.0_161-b12) (build 1.8.0_161-b12)
# Java VM: Java HotSpot(TM) 64-Bit Server VM (25.161-b12 mixed mode bsd-amd64 compressed oops)
Heap:
 PSYoungGen      total 1128960K, used 601882K [0x000000076ab00000, 0x00000007c0000000, 0x00000007c0000000)
  eden space 1085440K, 55% used [0x000000076ab00000,0x000000078f6aeb10,0x00000007acf00000)
  from space 43520K, 0% used [0x00000007acf00000,0x00000007acf18000,0x00000007af980000)
  to   space 45056K, 0% used [0x00000007bd400000,0x00000007bd400000,0x00000007c0000000)
 ParOldGen       total 133120K, used 8655K [0x00000006c0000000, 0x00000006c8200000, 0x000000076ab00000)
  object space 133120K, 6% used [0x00000006c0000000,0x00000006c0873d28,0x00000006c8200000)
 Metaspace       used 9891K, capacity 10022K, committed 10112K, reserved 1058816K
  class space    used 1077K, capacity 1151K, committed 1152K, reserved 1048576K
GC Heap History (10 events):
Event: 6.068 GC heap before
{Heap before GC invocations=11 (full 1):
 PSYoungGen      total 527872K, used 515952K [0x000000076ab00000, 0x000000079c680000, 0x00000007c0000000)
  eden space 489472K, 100% used [0x000000076ab00000,0x0000000788900000,0x0000000788900000)
  from space 38400K, 68% used [0x0000000788900000,0x000000078a2dc060,0x000000078ae80000)
  to   space 38400K, 0% used [0x000000079a100000,0x000000079a100000,0x000000079c680000)
 ParOldGen       total 127488K, used 21870K [0x00000006c0000000, 0x00000006c7c80000, 0x000000076ab00000)
  object space 127488K, 17% used [0x00000006c0000000,0x00000006c155bbd0,0x00000006c7c80000)
 Metaspace       used 9703K, capacity 9862K, committed 10112K, reserved 1058816K
  class space    used 1069K, capacity 1119K, committed 1152K, reserved 1048576K
Event: 6.086 GC heap after
Heap after GC invocations=11 (full 1):
 PSYoungGen      total 772608K, used 36064K [0x000000076ab00000, 0x000000079c900000, 0x00000007c0000000)
  eden space 734208K, 0% used [0x000000076ab00000,0x000000076ab00000,0x0000000797800000)
  from space 38400K, 93% used [0x000000079a100000,0x000000079c4380a0,0x000000079c680000)
  to   space 41472K, 0% used [0x0000000797800000,0x0000000797800000,0x000000079a080000)
 ParOldGen       total 127488K, used 38510K [0x00000006c0000000, 0x00000006c7c80000, 0x000000076ab00000)
  object space 127488K, 30% used [0x00000006c0000000,0x00000006c259bbf0,0x00000006c7c80000)
 Metaspace       used 9703K, capacity 9862K, committed 10112K, reserved 1058816K
  class space    used 1069K, capacity 1119K, committed 1152K, reserved 1048576K
}
Event: 7.856 GC heap before
{Heap before GC invocations=12 (full 1):
 PSYoungGen      total 772608K, used 770272K [0x000000076ab00000, 0x000000079c900000, 0x00000007c0000000)
  eden space 734208K, 100% used [0x000000076ab00000,0x0000000797800000,0x0000000797800000)
  from space 38400K, 93% used [0x000000079a100000,0x000000079c4380a0,0x000000079c680000)
  to   space 41472K, 0% used [0x0000000797800000,0x0000000797800000,0x000000079a080000)
 ParOldGen       total 127488K, used 38510K [0x00000006c0000000, 0x00000006c7c80000, 0x000000076ab00000)
  object space 127488K, 30% used [0x00000006c0000000,0x00000006c259bbf0,0x00000006c7c80000)
 Metaspace       used 9709K, capacity 9862K, committed 10112K, reserved 1058816K
  class space    used 1069K, capacity 1119K, committed 1152K, reserved 1048576K
Event: 7.904 GC heap after
Heap after GC invocations=12 (full 1):
 PSYoungGen      total 775680K, used 26512K [0x000000076ab00000, 0x00000007b3000000, 0x00000007c0000000)
  eden space 734208K, 0% used [0x000000076ab00000,0x000000076ab00000,0x0000000797800000)
  from space 41472K, 63% used [0x0000000797800000,0x00000007991e4060,0x000000079a080000)
  to   space 40960K, 0% used [0x00000007b0800000,0x00000007b0800000,0x00000007b3000000)
 ParOldGen       total 127488K, used 66023K [0x00000006c0000000, 0x00000006c7c80000, 0x000000076ab00000)
  object space 127488K, 51% used [0x00000006c0000000,0x00000006c4079d00,0x00000006c7c80000)
 Metaspace       used 9709K, capacity 9862K, committed 10112K, reserved 1058816K
  class space    used 1069K, capacity 1119K, committed 1152K, reserved 1048576K
}
Event: 9.835 GC heap before
{Heap before GC invocations=13 (full 1):
 PSYoungGen      total 775680K, used 760720K [0x000000076ab00000, 0x00000007b3000000, 0x00000007c0000000)
  eden space 734208K, 100% used [0x000000076ab00000,0x0000000797800000,0x0000000797800000)
  from space 41472K, 63% used [0x0000000797800000,0x00000007991e4060,0x000000079a080000)
  to   space 40960K, 0% used [0x00000007b0800000,0x00000007b0800000,0x00000007b3000000)
 ParOldGen       total 127488K, used 66023K [0x00000006c0000000, 0x00000006c7c80000, 0x000000076ab00000)
  object space 127488K, 51% used [0x00000006c0000000,0x00000006c4079d00,0x00000006c7c80000)
 Metaspace       used 9873K, capacity 10022K, committed 10112K, reserved 1058816K
  class space    used 1075K, capacity 1151K, committed 1152K, reserved 1048576K
Event: 9.839 GC heap after
Heap after GC invocations=13 (full 1):
 PSYoungGen      total 1114112K, used 311K [0x000000076ab00000, 0x00000007b2400000, 0x00000007c0000000)
  eden space 1085440K, 0% used [0x000000076ab00000,0x000000076ab00000,0x00000007acf00000)
  from space 28672K, 1% used [0x00000007b0800000,0x00000007b084dea8,0x00000007b2400000)
  to   space 43520K, 0% used [0x00000007acf00000,0x00000007acf00000,0x00000007af980000)
 ParOldGen       total 127488K, used 92267K [0x00000006c0000000, 0x00000006c7c80000, 0x000000076ab00000)
  object space 127488K, 72% used [0x00000006c0000000,0x00000006c5a1ada0,0x00000006c7c80000)
 Metaspace       used 9873K, capacity 10022K, committed 10112K, reserved 1058816K
  class space    used 1075K, capacity 1151K, committed 1152K, reserved 1048576K
}
Event: 9.839 GC heap before
{Heap before GC invocations=14 (full 2):
 PSYoungGen      total 1114112K, used 311K [0x000000076ab00000, 0x00000007b2400000, 0x00000007c0000000)
  eden space 1085440K, 0% used [0x000000076ab00000,0x000000076ab00000,0x00000007acf00000)
  from space 28672K, 1% used [0x00000007b0800000,0x00000007b084dea8,0x00000007b2400000)
  to   space 43520K, 0% used [0x00000007acf00000,0x00000007acf00000,0x00000007af980000)
 ParOldGen       total 127488K, used 92267K [0x00000006c0000000, 0x00000006c7c80000, 0x000000076ab00000)
  object space 127488K, 72% used [0x00000006c0000000,0x00000006c5a1ada0,0x00000006c7c80000)
 Metaspace       used 9873K, capacity 10022K, committed 10112K, reserved 1058816K
  class space    used 1075K, capacity 1151K, committed 1152K, reserved 1048576K
Event: 9.849 GC heap after
Heap after GC invocations=14 (full 2):
 PSYoungGen      total 1114112K, used 0K [0x000000076ab00000, 0x00000007b2400000, 0x00000007c0000000)
  eden space 1085440K, 0% used [0x000000076ab00000,0x000000076ab00000,0x00000007acf00000)
  from space 28672K, 0% used [0x00000007b0800000,0x00000007b0800000,0x00000007b2400000)
  to   space 43520K, 0% used [0x00000007acf00000,0x00000007acf00000,0x00000007af980000)
 ParOldGen       total 133120K, used 8655K [0x00000006c0000000, 0x00000006c8200000, 0x000000076ab00000)
  object space 133120K, 6% used [0x00000006c0000000,0x00000006c0873d28,0x00000006c8200000)
 Metaspace       used 9873K, capacity 10022K, committed 10112K, reserved 1058816K
  class space    used 1075K, capacity 1151K, committed 1152K, reserved 1048576K
}
Event: 13.225 GC heap before
{Heap before GC invocations=15 (full 2):
 PSYoungGen      total 1114112K, used 1085440K [0x000000076ab00000, 0x00000007b2400000, 0x00000007c0000000)
  eden space 1085440K, 100% used [0x000000076ab00000,0x00000007acf00000,0x00000007acf00000)
  from space 28672K, 0% used [0x00000007b0800000,0x00000007b0800000,0x00000007b2400000)
  to   space 43520K, 0% used [0x00000007acf00000,0x00000007acf00000,0x00000007af980000)
 ParOldGen       total 133120K, used 8655K [0x00000006c0000000, 0x00000006c8200000, 0x000000076ab00000)
  object space 133120K, 6% used [0x00000006c0000000,0x00000006c0873d28,0x00000006c8200000)
 Metaspace       used 9874K, capacity 10022K, committed 10112K, reserved 1058816K
  class space    used 1075K, capacity 1151K, committed 1152K, reserved 1048576K
Event: 13.226 GC heap after
Heap after GC invocations=15 (full 2):
 PSYoungGen      total 1128960K, used 96K [0x000000076ab00000, 0x00000007c0000000, 0x00000007c0000000)
  eden space 1085440K, 0% used [0x000000076ab00000,0x000000076ab00000,0x00000007acf00000)
  from space 43520K, 0% used [0x00000007acf00000,0x00000007acf18000,0x00000007af980000)
  to   space 45056K, 0% used [0x00000007bd400000,0x00000007bd400000,0x00000007c0000000)
 ParOldGen       total 133120K, used 8655K [0x00000006c0000000, 0x00000006c8200000, 0x000000076ab00000)
  object space 133120K, 6% used [0x00000006c0000000,0x00000006c0873d28,0x00000006c8200000)
 Metaspace       used 9874K, capacity 10022K, committed 10112K, reserved 1058816K
  class space    used 1075K, capacity 1151K, committed 1152K, reserved 1048576K
}

