# JRE version: Java(TM) SE Runtime Environment (8.0_161-b12) (build 1.8.0_161-b12)
# Java VM: Java HotSpot(TM) 64-Bit Server VM (25.161-b12 mixed mode bsd-amd64 compressed oops)
Heap:
 PSYoungGen      total 56832K, used 37225K [0x000000076ab00000, 0x000000076f100000, 0x00000007c0000000)
  eden space 56320K, 65% used [0x000000076ab00000,0x000000076cf4a688,0x000000076e200000)
  from space 512K, 12% used [0x000000076f080000,0x000000076f090000,0x000000076f100000)
  to   space 2048K, 0% used [0x000000076ed00000,0x000000076ed00000,0x000000076ef00000)
 ParOldGen       total 175104K, used 1064K [0x00000006c0000000, 0x00000006cab00000, 0x000000076ab00000)
  object space 175104K, 0% used [0x00000006c0000000,0x00000006c010a060,0x00000006cab00000)
 Metaspace       used 5075K, capacity 5164K, committed 5248K, reserved 1056768K
  class space    used 561K, capacity 592K, committed 640K, reserved 1048576K
GC Heap History (10 events):
Event: 3.112 GC heap before
{Heap before GC invocations=8 (full 0):
 PSYoungGen      total 61952K, used 61504K [0x000000076ab00000, 0x000000076f500000, 0x00000007c0000000)
  eden space 61440K, 100% used [0x000000076ab00000,0x000000076e700000,0x000000076e700000)
  from space 512K, 12% used [0x000000076f300000,0x000000076f310000,0x000000076f380000)
  to   space 1536K, 0% used [0x000000076f380000,0x000000076f380000,0x000000076f500000)
 ParOldGen       total 175104K, used 1032K [0x00000006c0000000, 0x00000006cab00000, 0x000000076ab00000)
  object space 175104K, 0% used [0x00000006c0000000,0x00000006c0102060,0x00000006cab00000)
 Metaspace       used 5074K, capacity 5164K, committed 5248K, reserved 1056768K
  class space    used 561K, capacity 592K, committed 640K, reserved 1048576K
Event: 3.112 GC heap after
Heap after GC invocations=8 (full 0):
 PSYoungGen      total 60928K, used 64K [0x000000076ab00000, 0x000000076f400000, 0x00000007c0000000)
  eden space 60416K, 0% used [0x000000076ab00000,0x000000076ab00000,0x000000076e600000)
  from space 512K, 12% used [0x000000076f380000,0x000000076f390000,0x000000076f400000)
  to   space 2048K, 0% used [0x000000076f000000,0x000000076f000000,0x000000076f200000)
 ParOldGen       total 175104K, used 1048K [0x00000006c0000000, 0x00000006cab00000, 0x000000076ab00000)
  object space 175104K, 0% used [0x00000006c0000000,0x00000006c0106060,0x00000006cab00000)
 Metaspace       used 5074K, capacity 5164K, committed 5248K, reserved 1056768K
  class space    used 561K, capacity 592K, committed 640K, reserved 1048576K
}
Event: 3.411 GC heap before
{Heap before GC invocations=9 (full 0):
 PSYoungGen      total 60928K, used 60480K [0x000000076ab00000, 0x000000076f400000, 0x00000007c0000000)
  eden space 60416K, 100% used [0x000000076ab00000,0x000000076e600000,0x000000076e600000)
  from space 512K, 12% used [0x000000076f380000,0x000000076f390000,0x000000076f400000)
  to   space 2048K, 0% used [0x000000076f000000,0x000000076f000000,0x000000076f200000)
 ParOldGen       total 175104K, used 1048K [0x00000006c0000000, 0x00000006cab00000, 0x000000076ab00000)
  object space 175104K, 0% used [0x00000006c0000000,0x00000006c0106060,0x00000006cab00000)
 Metaspace       used 5074K, capacity 5164K, committed 5248K, reserved 1056768K
  class space    used 561K, capacity 592K, committed 640K, reserved 1048576K
Event: 3.412 GC heap after
Heap after GC invocations=9 (full 0):
 PSYoungGen      total 61440K, used 96K [0x000000076ab00000, 0x000000076f400000, 0x00000007c0000000)
  eden space 59392K, 0% used [0x000000076ab00000,0x000000076ab00000,0x000000076e500000)
  from space 2048K, 4% used [0x000000076f000000,0x000000076f018000,0x000000076f200000)
  to   space 2048K, 0% used [0x000000076f200000,0x000000076f200000,0x000000076f400000)
 ParOldGen       total 175104K, used 1048K [0x00000006c0000000, 0x00000006cab00000, 0x000000076ab00000)
  object space 175104K, 0% used [0x00000006c0000000,0x00000006c0106060,0x00000006cab00000)
 Metaspace       used 5074K, capacity 5164K, committed 5248K, reserved 1056768K
  class space    used 561K, capacity 592K, committed 640K, reserved 1048576K
}
Event: 3.720 GC heap before
{Heap before GC invocations=10 (full 0):
 PSYoungGen      total 61440K, used 59488K [0x000000076ab00000, 0x000000076f400000, 0x00000007c0000000)
  eden space 59392K, 100% used [0x000000076ab00000,0x000000076e500000,0x000000076e500000)
  from space 2048K, 4% used [0x000000076f000000,0x000000076f018000,0x000000076f200000)
  to   space 2048K, 0% used [0x000000076f200000,0x000000076f200000,0x000000076f400000)
 ParOldGen       total 175104K, used 1048K [0x00000006c0000000, 0x00000006cab00000, 0x000000076ab00000)
  object space 175104K, 0% used [0x00000006c0000000,0x00000006c0106060,0x00000006cab00000)
 Metaspace       used 5074K, capacity 5164K, committed 5248K, reserved 1056768K
  class space    used 561K, capacity 592K, committed 640K, reserved 1048576K
Event: 3.722 GC heap after
Heap after GC invocations=10 (full 0):
 PSYoungGen      total 58880K, used 0K [0x000000076ab00000, 0x000000076f280000, 0x00000007c0000000)
  eden space 58368K, 0% used [0x000000076ab00000,0x000000076ab00000,0x000000076e400000)
  from space 512K, 0% used [0x000000076f200000,0x000000076f200000,0x000000076f280000)
  to   space 2048K, 0% used [0x000000076ee80000,0x000000076ee80000,0x000000076f080000)
 ParOldGen       total 175104K, used 1064K [0x00000006c0000000, 0x00000006cab00000, 0x000000076ab00000)
  object space 175104K, 0% used [0x00000006c0000000,0x00000006c010a060,0x00000006cab00000)
 Metaspace       used 5074K, capacity 5164K, committed 5248K, reserved 1056768K
  class space    used 561K, capacity 592K, committed 640K, reserved 1048576K
}
Event: 4.030 GC heap before
{Heap before GC invocations=11 (full 0):
 PSYoungGen      total 58880K, used 58368K [0x000000076ab00000, 0x000000076f280000, 0x00000007c0000000)
  eden space 58368K, 100% used [0x000000076ab00000,0x000000076e400000,0x000000076e400000)
  from space 512K, 0% used [0x000000076f200000,0x000000076f200000,0x000000076f280000)
  to   space 2048K, 0% used [0x000000076ee80000,0x000000076ee80000,0x000000076f080000)
 ParOldGen       total 175104K, used 1064K [0x00000006c0000000, 0x00000006cab00000, 0x000000076ab00000)
  object space 175104K, 0% used [0x00000006c0000000,0x00000006c010a060,0x00000006cab00000)
 Metaspace       used 5074K, capacity 5164K, committed 5248K, reserved 1056768K
  class space    used 561K, capacity 592K, committed 640K, reserved 1048576K
Event: 4.031 GC heap after
Heap after GC invocations=11 (full 0):
 PSYoungGen      total 59392K, used 0K [0x000000076ab00000, 0x000000076f280000, 0x00000007c0000000)
  eden space 57344K, 0% used [0x000000076ab00000,0x000000076ab00000,0x000000076e300000)
  from space 2048K, 0% used [0x000000076ee80000,0x000000076ee80000,0x000000076f080000)
  to   space 2048K, 0% used [0x000000076f080000,0x000000076f080000,0x000000076f280000)
 ParOldGen       total 175104K, used 1064K [0x00000006c0000000, 0x00000006cab00000, 0x000000076ab00000)
  object space 175104K, 0% used [0x00000006c0000000,0x00000006c010a060,0x00000006cab00000)
 Metaspace       used 5074K, capacity 5164K, committed 5248K, reserved 1056768K
  class space    used 561K, capacity 592K, committed 640K, reserved 1048576K
}
Event: 4.247 GC heap before
{Heap before GC invocations=12 (full 0):
 PSYoungGen      total 59392K, used 57344K [0x000000076ab00000, 0x000000076f280000, 0x00000007c0000000)
  eden space 57344K, 100% used [0x000000076ab00000,0x000000076e300000,0x000000076e300000)
  from space 2048K, 0% used [0x000000076ee80000,0x000000076ee80000,0x000000076f080000)
  to   space 2048K, 0% used [0x000000076f080000,0x000000076f080000,0x000000076f280000)
 ParOldGen       total 175104K, used 1064K [0x00000006c0000000, 0x00000006cab00000, 0x000000076ab00000)
  object space 175104K, 0% used [0x00000006c0000000,0x00000006c010a060,0x00000006cab00000)
 Metaspace       used 5075K, capacity 5164K, committed 5248K, reserved 1056768K
  class space    used 561K, capacity 592K, committed 640K, reserved 1048576K
Event: 4.248 GC heap after
Heap after GC invocations=12 (full 0):
 PSYoungGen      total 56832K, used 64K [0x000000076ab00000, 0x000000076f100000, 0x00000007c0000000)
  eden space 56320K, 0% used [0x000000076ab00000,0x000000076ab00000,0x000000076e200000)
  from space 512K, 12% used [0x000000076f080000,0x000000076f090000,0x000000076f100000)
  to   space 2048K, 0% used [0x000000076ed00000,0x000000076ed00000,0x000000076ef00000)
 ParOldGen       total 175104K, used 1064K [0x00000006c0000000, 0x00000006cab00000, 0x000000076ab00000)
  object space 175104K, 0% used [0x00000006c0000000,0x00000006c010a060,0x00000006cab00000)
 Metaspace       used 5075K, capacity 5164K, committed 5248K, reserved 1056768K
  class space    used 561K, capacity 592K, committed 640K, reserved 1048576K
}

