# JRE version: Java(TM) SE Runtime Environment (8.0_161-b12) (build 1.8.0_161-b12)
# Java VM: Java HotSpot(TM) 64-Bit Server VM (25.161-b12 mixed mode bsd-amd64 compressed oops)
Heap:
 PSYoungGen      total 31744K, used 2530K [0x000000076ab00000, 0x000000076ed00000, 0x00000007c0000000)
  eden space 31232K, 7% used [0x000000076ab00000,0x000000076ad70a38,0x000000076c980000)
  from space 512K, 6% used [0x000000076ec80000,0x000000076ec88000,0x000000076ed00000)
  to   space 512K, 0% used [0x000000076ec00000,0x000000076ec00000,0x000000076ec80000)
 ParOldGen       total 175104K, used 740K [0x00000006c0000000, 0x00000006cab00000, 0x000000076ab00000)
  object space 175104K, 0% used [0x00000006c0000000,0x00000006c00b9230,0x00000006cab00000)
 Metaspace       used 4490K, capacity 4960K, committed 5248K, reserved 1056768K
  class space    used 486K, capacity 528K, committed 640K, reserved 1048576K
GC Heap History (10 events):
Event: 9.160 GC heap before
{Heap before GC invocations=52 (full 0):
 PSYoungGen      total 32768K, used 32288K [0x000000076ab00000, 0x000000076ed00000, 0x00000007c0000000)
  eden space 32256K, 100% used [0x000000076ab00000,0x000000076ca80000,0x000000076ca80000)
  from space 512K, 6% used [0x000000076ec00000,0x000000076ec08000,0x000000076ec80000)
  to   space 512K, 0% used [0x000000076ec80000,0x000000076ec80000,0x000000076ed00000)
 ParOldGen       total 175104K, used 740K [0x00000006c0000000, 0x00000006cab00000, 0x000000076ab00000)
  object space 175104K, 0% used [0x00000006c0000000,0x00000006c00b9230,0x00000006cab00000)
 Metaspace       used 4490K, capacity 4960K, committed 5248K, reserved 1056768K
  class space    used 486K, capacity 528K, committed 640K, reserved 1048576K
Event: 9.161 GC heap after
Heap after GC invocations=52 (full 0):
 PSYoungGen      total 32256K, used 0K [0x000000076ab00000, 0x000000076ed00000, 0x00000007c0000000)
  eden space 31744K, 0% used [0x000000076ab00000,0x000000076ab00000,0x000000076ca00000)
  from space 512K, 0% used [0x000000076ec80000,0x000000076ec80000,0x000000076ed00000)
  to   space 512K, 0% used [0x000000076ec00000,0x000000076ec00000,0x000000076ec80000)
 ParOldGen       total 175104K, used 740K [0x00000006c0000000, 0x00000006cab00000, 0x000000076ab00000)
  object space 175104K, 0% used [0x00000006c0000000,0x00000006c00b9230,0x00000006cab00000)
 Metaspace       used 4490K, capacity 4960K, committed 5248K, reserved 1056768K
  class space    used 486K, capacity 528K, committed 640K, reserved 1048576K
}
Event: 9.412 GC heap before
{Heap before GC invocations=53 (full 0):
 PSYoungGen      total 32256K, used 31744K [0x000000076ab00000, 0x000000076ed00000, 0x00000007c0000000)
  eden space 31744K, 100% used [0x000000076ab00000,0x000000076ca00000,0x000000076ca00000)
  from space 512K, 0% used [0x000000076ec80000,0x000000076ec80000,0x000000076ed00000)
  to   space 512K, 0% used [0x000000076ec00000,0x000000076ec00000,0x000000076ec80000)
 ParOldGen       total 175104K, used 740K [0x00000006c0000000, 0x00000006cab00000, 0x000000076ab00000)
  object space 175104K, 0% used [0x00000006c0000000,0x00000006c00b9230,0x00000006cab00000)
 Metaspace       used 4490K, capacity 4960K, committed 5248K, reserved 1056768K
  class space    used 486K, capacity 528K, committed 640K, reserved 1048576K
Event: 9.413 GC heap after
Heap after GC invocations=53 (full 0):
 PSYoungGen      total 31744K, used 0K [0x000000076ab00000, 0x000000076ed00000, 0x00000007c0000000)
  eden space 31232K, 0% used [0x000000076ab00000,0x000000076ab00000,0x000000076c980000)
  from space 512K, 0% used [0x000000076ec00000,0x000000076ec00000,0x000000076ec80000)
  to   space 512K, 0% used [0x000000076ec80000,0x000000076ec80000,0x000000076ed00000)
 ParOldGen       total 175104K, used 740K [0x00000006c0000000, 0x00000006cab00000, 0x000000076ab00000)
  object space 175104K, 0% used [0x00000006c0000000,0x00000006c00b9230,0x00000006cab00000)
 Metaspace       used 4490K, capacity 4960K, committed 5248K, reserved 1056768K
  class space    used 486K, capacity 528K, committed 640K, reserved 1048576K
}
Event: 9.660 GC heap before
{Heap before GC invocations=54 (full 0):
 PSYoungGen      total 31744K, used 31232K [0x000000076ab00000, 0x000000076ed00000, 0x00000007c0000000)
  eden space 31232K, 100% used [0x000000076ab00000,0x000000076c980000,0x000000076c980000)
  from space 512K, 0% used [0x000000076ec00000,0x000000076ec00000,0x000000076ec80000)
  to   space 512K, 0% used [0x000000076ec80000,0x000000076ec80000,0x000000076ed00000)
 ParOldGen       total 175104K, used 740K [0x00000006c0000000, 0x00000006cab00000, 0x000000076ab00000)
  object space 175104K, 0% used [0x00000006c0000000,0x00000006c00b9230,0x00000006cab00000)
 Metaspace       used 4490K, capacity 4960K, committed 5248K, reserved 1056768K
  class space    used 486K, capacity 528K, committed 640K, reserved 1048576K
Event: 9.660 GC heap after
Heap after GC invocations=54 (full 0):
 PSYoungGen      total 31744K, used 32K [0x000000076ab00000, 0x000000076ed00000, 0x00000007c0000000)
  eden space 31232K, 0% used [0x000000076ab00000,0x000000076ab00000,0x000000076c980000)
  from space 512K, 6% used [0x000000076ec80000,0x000000076ec88000,0x000000076ed00000)
  to   space 512K, 0% used [0x000000076ec00000,0x000000076ec00000,0x000000076ec80000)
 ParOldGen       total 175104K, used 740K [0x00000006c0000000, 0x00000006cab00000, 0x000000076ab00000)
  object space 175104K, 0% used [0x00000006c0000000,0x00000006c00b9230,0x00000006cab00000)
 Metaspace       used 4490K, capacity 4960K, committed 5248K, reserved 1056768K
  class space    used 486K, capacity 528K, committed 640K, reserved 1048576K
}
Event: 9.909 GC heap before
{Heap before GC invocations=55 (full 0):
 PSYoungGen      total 31744K, used 31264K [0x000000076ab00000, 0x000000076ed00000, 0x00000007c0000000)
  eden space 31232K, 100% used [0x000000076ab00000,0x000000076c980000,0x000000076c980000)
  from space 512K, 6% used [0x000000076ec80000,0x000000076ec88000,0x000000076ed00000)
  to   space 512K, 0% used [0x000000076ec00000,0x000000076ec00000,0x000000076ec80000)
 ParOldGen       total 175104K, used 740K [0x00000006c0000000, 0x00000006cab00000, 0x000000076ab00000)
  object space 175104K, 0% used [0x00000006c0000000,0x00000006c00b9230,0x00000006cab00000)
 Metaspace       used 4490K, capacity 4960K, committed 5248K, reserved 1056768K
  class space    used 486K, capacity 528K, committed 640K, reserved 1048576K
Event: 9.909 GC heap after
Heap after GC invocations=55 (full 0):
 PSYoungGen      total 31744K, used 32K [0x000000076ab00000, 0x000000076ed00000, 0x00000007c0000000)
  eden space 31232K, 0% used [0x000000076ab00000,0x000000076ab00000,0x000000076c980000)
  from space 512K, 6% used [0x000000076ec00000,0x000000076ec08000,0x000000076ec80000)
  to   space 512K, 0% used [0x000000076ec80000,0x000000076ec80000,0x000000076ed00000)
 ParOldGen       total 175104K, used 740K [0x00000006c0000000, 0x00000006cab00000, 0x000000076ab00000)
  object space 175104K, 0% used [0x00000006c0000000,0x00000006c00b9230,0x00000006cab00000)
 Metaspace       used 4490K, capacity 4960K, committed 5248K, reserved 1056768K
  class space    used 486K, capacity 528K, committed 640K, reserved 1048576K
}
Event: 10.156 GC heap before
{Heap before GC invocations=56 (full 0):
 PSYoungGen      total 31744K, used 31264K [0x000000076ab00000, 0x000000076ed00000, 0x00000007c0000000)
  eden space 31232K, 100% used [0x000000076ab00000,0x000000076c980000,0x000000076c980000)
  from space 512K, 6% used [0x000000076ec00000,0x000000076ec08000,0x000000076ec80000)
  to   space 512K, 0% used [0x000000076ec80000,0x000000076ec80000,0x000000076ed00000)
 ParOldGen       total 175104K, used 740K [0x00000006c0000000, 0x00000006cab00000, 0x000000076ab00000)
  object space 175104K, 0% used [0x00000006c0000000,0x00000006c00b9230,0x00000006cab00000)
 Metaspace       used 4490K, capacity 4960K, committed 5248K, reserved 1056768K
  class space    used 486K, capacity 528K, committed 640K, reserved 1048576K
Event: 10.156 GC heap after
Heap after GC invocations=56 (full 0):
 PSYoungGen      total 31744K, used 32K [0x000000076ab00000, 0x000000076ed00000, 0x00000007c0000000)
  eden space 31232K, 0% used [0x000000076ab00000,0x000000076ab00000,0x000000076c980000)
  from space 512K, 6% used [0x000000076ec80000,0x000000076ec88000,0x000000076ed00000)
  to   space 512K, 0% used [0x000000076ec00000,0x000000076ec00000,0x000000076ec80000)
 ParOldGen       total 175104K, used 740K [0x00000006c0000000, 0x00000006cab00000, 0x000000076ab00000)
  object space 175104K, 0% used [0x00000006c0000000,0x00000006c00b9230,0x00000006cab00000)
 Metaspace       used 4490K, capacity 4960K, committed 5248K, reserved 1056768K
  class space    used 486K, capacity 528K, committed 640K, reserved 1048576K
}

