# JRE version: Java(TM) SE Runtime Environment (8.0_161-b12) (build 1.8.0_161-b12)
# Java VM: Java HotSpot(TM) 64-Bit Server VM (25.161-b12 mixed mode bsd-amd64 compressed oops)
Heap:
 PSYoungGen      total 63488K, used 9483K [0x000000076ab00000, 0x000000076f600000, 0x00000007c0000000)
  eden space 62464K, 13% used [0x000000076ab00000,0x000000076b382e80,0x000000076e800000)
  from space 1024K, 75% used [0x000000076f500000,0x000000076f5c0000,0x000000076f600000)
  to   space 1024K, 0% used [0x000000076f400000,0x000000076f400000,0x000000076f500000)
 ParOldGen       total 175104K, used 24K [0x00000006c0000000, 0x00000006cab00000, 0x000000076ab00000)
  object space 175104K, 0% used [0x00000006c0000000,0x00000006c0006000,0x00000006cab00000)
 Metaspace       used 4515K, capacity 5024K, committed 5248K, reserved 1056768K
  class space    used 487K, capacity 528K, committed 640K, reserved 1048576K
GC Heap History (10 events):
Event: 14.070 GC heap before
{Heap before GC invocations=2 (full 0):
 PSYoungGen      total 76288K, used 66520K [0x000000076ab00000, 0x0000000770000000, 0x00000007c0000000)
  eden space 65536K, 100% used [0x000000076ab00000,0x000000076eb00000,0x000000076eb00000)
  from space 10752K, 9% used [0x000000076eb00000,0x000000076ebf63e0,0x000000076f580000)
  to   space 10752K, 0% used [0x000000076f580000,0x000000076f580000,0x0000000770000000)
 ParOldGen       total 175104K, used 8K [0x00000006c0000000, 0x00000006cab00000, 0x000000076ab00000)
  object space 175104K, 0% used [0x00000006c0000000,0x00000006c0002000,0x00000006cab00000)
 Metaspace       used 4515K, capacity 5024K, committed 5248K, reserved 1056768K
  class space    used 487K, capacity 528K, committed 640K, reserved 1048576K
Event: 14.071 GC heap after
Heap after GC invocations=2 (full 0):
 PSYoungGen      total 76288K, used 800K [0x000000076ab00000, 0x0000000770000000, 0x00000007c0000000)
  eden space 65536K, 0% used [0x000000076ab00000,0x000000076ab00000,0x000000076eb00000)
  from space 10752K, 7% used [0x000000076f580000,0x000000076f648000,0x0000000770000000)
  to   space 10752K, 0% used [0x000000076eb00000,0x000000076eb00000,0x000000076f580000)
 ParOldGen       total 175104K, used 8K [0x00000006c0000000, 0x00000006cab00000, 0x000000076ab00000)
  object space 175104K, 0% used [0x00000006c0000000,0x00000006c0002000,0x00000006cab00000)
 Metaspace       used 4515K, capacity 5024K, committed 5248K, reserved 1056768K
  class space    used 487K, capacity 528K, committed 640K, reserved 1048576K
}
Event: 14.246 GC heap before
{Heap before GC invocations=3 (full 0):
 PSYoungGen      total 76288K, used 66336K [0x000000076ab00000, 0x0000000770000000, 0x00000007c0000000)
  eden space 65536K, 100% used [0x000000076ab00000,0x000000076eb00000,0x000000076eb00000)
  from space 10752K, 7% used [0x000000076f580000,0x000000076f648000,0x0000000770000000)
  to   space 10752K, 0% used [0x000000076eb00000,0x000000076eb00000,0x000000076f580000)
 ParOldGen       total 175104K, used 8K [0x00000006c0000000, 0x00000006cab00000, 0x000000076ab00000)
  object space 175104K, 0% used [0x00000006c0000000,0x00000006c0002000,0x00000006cab00000)
 Metaspace       used 4515K, capacity 5024K, committed 5248K, reserved 1056768K
  class space    used 487K, capacity 528K, committed 640K, reserved 1048576K
Event: 14.247 GC heap after
Heap after GC invocations=3 (full 0):
 PSYoungGen      total 76288K, used 752K [0x000000076ab00000, 0x0000000770000000, 0x00000007c0000000)
  eden space 65536K, 0% used [0x000000076ab00000,0x000000076ab00000,0x000000076eb00000)
  from space 10752K, 6% used [0x000000076eb00000,0x000000076ebbc010,0x000000076f580000)
  to   space 10752K, 0% used [0x000000076f580000,0x000000076f580000,0x0000000770000000)
 ParOldGen       total 175104K, used 8K [0x00000006c0000000, 0x00000006cab00000, 0x000000076ab00000)
  object space 175104K, 0% used [0x00000006c0000000,0x00000006c0002000,0x00000006cab00000)
 Metaspace       used 4515K, capacity 5024K, committed 5248K, reserved 1056768K
  class space    used 487K, capacity 528K, committed 640K, reserved 1048576K
}
Event: 14.421 GC heap before
{Heap before GC invocations=4 (full 0):
 PSYoungGen      total 76288K, used 66288K [0x000000076ab00000, 0x0000000770000000, 0x00000007c0000000)
  eden space 65536K, 100% used [0x000000076ab00000,0x000000076eb00000,0x000000076eb00000)
  from space 10752K, 6% used [0x000000076eb00000,0x000000076ebbc010,0x000000076f580000)
  to   space 10752K, 0% used [0x000000076f580000,0x000000076f580000,0x0000000770000000)
 ParOldGen       total 175104K, used 8K [0x00000006c0000000, 0x00000006cab00000, 0x000000076ab00000)
  object space 175104K, 0% used [0x00000006c0000000,0x00000006c0002000,0x00000006cab00000)
 Metaspace       used 4515K, capacity 5024K, committed 5248K, reserved 1056768K
  class space    used 487K, capacity 528K, committed 640K, reserved 1048576K
Event: 14.422 GC heap after
Heap after GC invocations=4 (full 0):
 PSYoungGen      total 76288K, used 784K [0x000000076ab00000, 0x0000000770000000, 0x00000007c0000000)
  eden space 65536K, 0% used [0x000000076ab00000,0x000000076ab00000,0x000000076eb00000)
  from space 10752K, 7% used [0x000000076f580000,0x000000076f644010,0x0000000770000000)
  to   space 10752K, 0% used [0x000000076eb00000,0x000000076eb00000,0x000000076f580000)
 ParOldGen       total 175104K, used 8K [0x00000006c0000000, 0x00000006cab00000, 0x000000076ab00000)
  object space 175104K, 0% used [0x00000006c0000000,0x00000006c0002000,0x00000006cab00000)
 Metaspace       used 4515K, capacity 5024K, committed 5248K, reserved 1056768K
  class space    used 487K, capacity 528K, committed 640K, reserved 1048576K
}
Event: 14.598 GC heap before
{Heap before GC invocations=5 (full 0):
 PSYoungGen      total 76288K, used 66320K [0x000000076ab00000, 0x0000000770000000, 0x00000007c0000000)
  eden space 65536K, 100% used [0x000000076ab00000,0x000000076eb00000,0x000000076eb00000)
  from space 10752K, 7% used [0x000000076f580000,0x000000076f644010,0x0000000770000000)
  to   space 10752K, 0% used [0x000000076eb00000,0x000000076eb00000,0x000000076f580000)
 ParOldGen       total 175104K, used 8K [0x00000006c0000000, 0x00000006cab00000, 0x000000076ab00000)
  object space 175104K, 0% used [0x00000006c0000000,0x00000006c0002000,0x00000006cab00000)
 Metaspace       used 4515K, capacity 5024K, committed 5248K, reserved 1056768K
  class space    used 487K, capacity 528K, committed 640K, reserved 1048576K
Event: 14.599 GC heap after
Heap after GC invocations=5 (full 0):
 PSYoungGen      total 65024K, used 736K [0x000000076ab00000, 0x000000076f600000, 0x00000007c0000000)
  eden space 64000K, 0% used [0x000000076ab00000,0x000000076ab00000,0x000000076e980000)
  from space 1024K, 71% used [0x000000076eb00000,0x000000076ebb8020,0x000000076ec00000)
  to   space 1024K, 0% used [0x000000076f500000,0x000000076f500000,0x000000076f600000)
 ParOldGen       total 175104K, used 16K [0x00000006c0000000, 0x00000006cab00000, 0x000000076ab00000)
  object space 175104K, 0% used [0x00000006c0000000,0x00000006c0004000,0x00000006cab00000)
 Metaspace       used 4515K, capacity 5024K, committed 5248K, reserved 1056768K
  class space    used 487K, capacity 528K, committed 640K, reserved 1048576K
}
Event: 14.768 GC heap before
{Heap before GC invocations=6 (full 0):
 PSYoungGen      total 65024K, used 64736K [0x000000076ab00000, 0x000000076f600000, 0x00000007c0000000)
  eden space 64000K, 100% used [0x000000076ab00000,0x000000076e980000,0x000000076e980000)
  from space 1024K, 71% used [0x000000076eb00000,0x000000076ebb8020,0x000000076ec00000)
  to   space 1024K, 0% used [0x000000076f500000,0x000000076f500000,0x000000076f600000)
 ParOldGen       total 175104K, used 16K [0x00000006c0000000, 0x00000006cab00000, 0x000000076ab00000)
  object space 175104K, 0% used [0x00000006c0000000,0x00000006c0004000,0x00000006cab00000)
 Metaspace       used 4515K, capacity 5024K, committed 5248K, reserved 1056768K
  class space    used 487K, capacity 528K, committed 640K, reserved 1048576K
Event: 14.769 GC heap after
Heap after GC invocations=6 (full 0):
 PSYoungGen      total 63488K, used 768K [0x000000076ab00000, 0x000000076f600000, 0x00000007c0000000)
  eden space 62464K, 0% used [0x000000076ab00000,0x000000076ab00000,0x000000076e800000)
  from space 1024K, 75% used [0x000000076f500000,0x000000076f5c0000,0x000000076f600000)
  to   space 1024K, 0% used [0x000000076f400000,0x000000076f400000,0x000000076f500000)
 ParOldGen       total 175104K, used 24K [0x00000006c0000000, 0x00000006cab00000, 0x000000076ab00000)
  object space 175104K, 0% used [0x00000006c0000000,0x00000006c0006000,0x00000006cab00000)
 Metaspace       used 4515K, capacity 5024K, committed 5248K, reserved 1056768K
  class space    used 487K, capacity 528K, committed 640K, reserved 1048576K
}

