# JRE version: Java(TM) SE Runtime Environment (8.0_161-b12) (build 1.8.0_161-b12)
# Java VM: Java HotSpot(TM) 64-Bit Server VM (25.161-b12 mixed mode bsd-amd64 compressed oops)
Heap:
 PSYoungGen      total 1116672K, used 20940K [0x00000006eab00000, 0x0000000733600000, 0x00000007c0000000)
  eden space 1047040K, 2% used [0x00000006eab00000,0x00000006ebf73350,0x000000072a980000)
  from space 69632K, 0% used [0x000000072ef00000,0x000000072ef00000,0x0000000733300000)
  to   space 71168K, 0% used [0x000000072a980000,0x000000072a980000,0x000000072ef00000)
 ParOldGen       total 699392K, used 5235K [0x0000000540000000, 0x000000056ab00000, 0x00000006eab00000)
  object space 699392K, 0% used [0x0000000540000000,0x000000054051cc18,0x000000056ab00000)
 Metaspace       used 12881K, capacity 13096K, committed 13312K, reserved 1060864K
  class space    used 1427K, capacity 1506K, committed 1536K, reserved 1048576K
GC Heap History (10 events):
Event: 7.928 GC heap before
{Heap before GC invocations=6 (full 0):
 PSYoungGen      total 567808K, used 567793K [0x00000006eab00000, 0x0000000732f00000, 0x00000007c0000000)
  eden space 524288K, 100% used [0x00000006eab00000,0x000000070ab00000,0x000000070ab00000)
  from space 43520K, 99% used [0x000000070ab00000,0x000000070d57c7d0,0x000000070d580000)
  to   space 67584K, 0% used [0x000000072ed00000,0x000000072ed00000,0x0000000732f00000)
 ParOldGen       total 699392K, used 23186K [0x0000000540000000, 0x000000056ab00000, 0x00000006eab00000)
  object space 699392K, 3% used [0x0000000540000000,0x00000005416a4808,0x000000056ab00000)
 Metaspace       used 12393K, capacity 12582K, committed 12800K, reserved 1060864K
  class space    used 1375K, capacity 1441K, committed 1536K, reserved 1048576K
Event: 7.941 GC heap after
Heap after GC invocations=6 (full 0):
 PSYoungGen      total 1112064K, used 26990K [0x00000006eab00000, 0x0000000732b00000, 0x00000007c0000000)
  eden space 1048576K, 0% used [0x00000006eab00000,0x00000006eab00000,0x000000072ab00000)
  from space 63488K, 42% used [0x000000072ed00000,0x000000073075b990,0x0000000732b00000)
  to   space 65536K, 0% used [0x000000072ab00000,0x000000072ab00000,0x000000072eb00000)
 ParOldGen       total 699392K, used 23186K [0x0000000540000000, 0x000000056ab00000, 0x00000006eab00000)
  object space 699392K, 3% used [0x0000000540000000,0x00000005416a4808,0x000000056ab00000)
 Metaspace       used 12393K, capacity 12582K, committed 12800K, reserved 1060864K
  class space    used 1375K, capacity 1441K, committed 1536K, reserved 1048576K
}
Event: 9.213 GC heap before
{Heap before GC invocations=7 (full 0):
 PSYoungGen      total 1112064K, used 385980K [0x00000006eab00000, 0x0000000732b00000, 0x00000007c0000000)
  eden space 1048576K, 34% used [0x00000006eab00000,0x00000007009938c0,0x000000072ab00000)
  from space 63488K, 42% used [0x000000072ed00000,0x000000073075b990,0x0000000732b00000)
  to   space 65536K, 0% used [0x000000072ab00000,0x000000072ab00000,0x000000072eb00000)
 ParOldGen       total 699392K, used 23186K [0x0000000540000000, 0x000000056ab00000, 0x00000006eab00000)
  object space 699392K, 3% used [0x0000000540000000,0x00000005416a4808,0x000000056ab00000)
 Metaspace       used 12857K, capacity 13096K, committed 13312K, reserved 1060864K
  class space    used 1424K, capacity 1506K, committed 1536K, reserved 1048576K
Event: 9.217 GC heap after
Heap after GC invocations=7 (full 0):
 PSYoungGen      total 1114112K, used 471K [0x00000006eab00000, 0x0000000733300000, 0x00000007c0000000)
  eden space 1048576K, 0% used [0x00000006eab00000,0x00000006eab00000,0x000000072ab00000)
  from space 65536K, 0% used [0x000000072ab00000,0x000000072ab75ec8,0x000000072eb00000)
  to   space 69632K, 0% used [0x000000072ef00000,0x000000072ef00000,0x0000000733300000)
 ParOldGen       total 699392K, used 25022K [0x0000000540000000, 0x000000056ab00000, 0x00000006eab00000)
  object space 699392K, 3% used [0x0000000540000000,0x000000054186fa18,0x000000056ab00000)
 Metaspace       used 12857K, capacity 13096K, committed 13312K, reserved 1060864K
  class space    used 1424K, capacity 1506K, committed 1536K, reserved 1048576K
}
Event: 9.217 GC heap before
{Heap before GC invocations=8 (full 1):
 PSYoungGen      total 1114112K, used 471K [0x00000006eab00000, 0x0000000733300000, 0x00000007c0000000)
  eden space 1048576K, 0% used [0x00000006eab00000,0x00000006eab00000,0x000000072ab00000)
  from space 65536K, 0% used [0x000000072ab00000,0x000000072ab75ec8,0x000000072eb00000)
  to   space 69632K, 0% used [0x000000072ef00000,0x000000072ef00000,0x0000000733300000)
 ParOldGen       total 699392K, used 25022K [0x0000000540000000, 0x000000056ab00000, 0x00000006eab00000)
  object space 699392K, 3% used [0x0000000540000000,0x000000054186fa18,0x000000056ab00000)
 Metaspace       used 12857K, capacity 13096K, committed 13312K, reserved 1060864K
  class space    used 1424K, capacity 1506K, committed 1536K, reserved 1048576K
Event: 9.240 GC heap after
Heap after GC invocations=8 (full 1):
 PSYoungGen      total 1114112K, used 0K [0x00000006eab00000, 0x0000000733300000, 0x00000007c0000000)
  eden space 1048576K, 0% used [0x00000006eab00000,0x00000006eab00000,0x000000072ab00000)
  from space 65536K, 0% used [0x000000072ab00000,0x000000072ab00000,0x000000072eb00000)
  to   space 69632K, 0% used [0x000000072ef00000,0x000000072ef00000,0x0000000733300000)
 ParOldGen       total 699392K, used 5733K [0x0000000540000000, 0x000000056ab00000, 0x00000006eab00000)
  object space 699392K, 0% used [0x0000000540000000,0x0000000540599630,0x000000056ab00000)
 Metaspace       used 12857K, capacity 13096K, committed 13312K, reserved 1060864K
  class space    used 1424K, capacity 1506K, committed 1536K, reserved 1048576K
}
Event: 9.339 GC heap before
{Heap before GC invocations=9 (full 1):
 PSYoungGen      total 1114112K, used 41943K [0x00000006eab00000, 0x0000000733300000, 0x00000007c0000000)
  eden space 1048576K, 4% used [0x00000006eab00000,0x00000006ed3f5ce0,0x000000072ab00000)
  from space 65536K, 0% used [0x000000072ab00000,0x000000072ab00000,0x000000072eb00000)
  to   space 69632K, 0% used [0x000000072ef00000,0x000000072ef00000,0x0000000733300000)
 ParOldGen       total 699392K, used 5733K [0x0000000540000000, 0x000000056ab00000, 0x00000006eab00000)
  object space 699392K, 0% used [0x0000000540000000,0x0000000540599630,0x000000056ab00000)
 Metaspace       used 12863K, capacity 13096K, committed 13312K, reserved 1060864K
  class space    used 1425K, capacity 1506K, committed 1536K, reserved 1048576K
Event: 9.340 GC heap after
Heap after GC invocations=9 (full 1):
 PSYoungGen      total 1116672K, used 192K [0x00000006eab00000, 0x0000000733600000, 0x00000007c0000000)
  eden space 1047040K, 0% used [0x00000006eab00000,0x00000006eab00000,0x000000072a980000)
  from space 69632K, 0% used [0x000000072ef00000,0x000000072ef30000,0x0000000733300000)
  to   space 71168K, 0% used [0x000000072a980000,0x000000072a980000,0x000000072ef00000)
 ParOldGen       total 699392K, used 5733K [0x0000000540000000, 0x000000056ab00000, 0x00000006eab00000)
  object space 699392K, 0% used [0x0000000540000000,0x0000000540599630,0x000000056ab00000)
 Metaspace       used 12863K, capacity 13096K, committed 13312K, reserved 1060864K
  class space    used 1425K, capacity 1506K, committed 1536K, reserved 1048576K
}
Event: 9.340 GC heap before
{Heap before GC invocations=10 (full 2):
 PSYoungGen      total 1116672K, used 192K [0x00000006eab00000, 0x0000000733600000, 0x00000007c0000000)
  eden space 1047040K, 0% used [0x00000006eab00000,0x00000006eab00000,0x000000072a980000)
  from space 69632K, 0% used [0x000000072ef00000,0x000000072ef30000,0x0000000733300000)
  to   space 71168K, 0% used [0x000000072a980000,0x000000072a980000,0x000000072ef00000)
 ParOldGen       total 699392K, used 5733K [0x0000000540000000, 0x000000056ab00000, 0x00000006eab00000)
  object space 699392K, 0% used [0x0000000540000000,0x0000000540599630,0x000000056ab00000)
 Metaspace       used 12863K, capacity 13096K, committed 13312K, reserved 1060864K
  class space    used 1425K, capacity 1506K, committed 1536K, reserved 1048576K
Event: 9.366 GC heap after
Heap after GC invocations=10 (full 2):
 PSYoungGen      total 1116672K, used 0K [0x00000006eab00000, 0x0000000733600000, 0x00000007c0000000)
  eden space 1047040K, 0% used [0x00000006eab00000,0x00000006eab00000,0x000000072a980000)
  from space 69632K, 0% used [0x000000072ef00000,0x000000072ef00000,0x0000000733300000)
  to   space 71168K, 0% used [0x000000072a980000,0x000000072a980000,0x000000072ef00000)
 ParOldGen       total 699392K, used 5235K [0x0000000540000000, 0x000000056ab00000, 0x00000006eab00000)
  object space 699392K, 0% used [0x0000000540000000,0x000000054051cc18,0x000000056ab00000)
 Metaspace       used 12863K, capacity 13096K, committed 13312K, reserved 1060864K
  class space    used 1425K, capacity 1506K, committed 1536K, reserved 1048576K
}

