# JRE version: Java(TM) SE Runtime Environment (8.0_161-b12) (build 1.8.0_161-b12)
# Java VM: Java HotSpot(TM) 64-Bit Server VM (25.161-b12 mixed mode bsd-amd64 compressed oops)
Heap:
 PSYoungGen      total 1137664K, used 604672K [0x000000076ab00000, 0x00000007c0000000, 0x00000007c0000000)
  eden space 1093632K, 55% used [0x000000076ab00000,0x000000078f9682b8,0x00000007ad700000)
  from space 44032K, 0% used [0x00000007ad700000,0x00000007ad718000,0x00000007b0200000)
  to   space 45568K, 0% used [0x00000007bd380000,0x00000007bd380000,0x00000007c0000000)
 ParOldGen       total 132096K, used 8551K [0x00000006c0000000, 0x00000006c8100000, 0x000000076ab00000)
  object space 132096K, 6% used [0x00000006c0000000,0x00000006c0859d08,0x00000006c8100000)
 Metaspace       used 9893K, capacity 10086K, committed 10112K, reserved 1058816K
  class space    used 1077K, capacity 1151K, committed 1152K, reserved 1048576K
GC Heap History (10 events):
Event: 6.344 GC heap before
{Heap before GC invocations=11 (full 1):
 PSYoungGen      total 531456K, used 518544K [0x000000076ab00000, 0x000000079cd80000, 0x00000007c0000000)
  eden space 492032K, 100% used [0x000000076ab00000,0x0000000788b80000,0x0000000788b80000)
  from space 39424K, 67% used [0x0000000788b80000,0x000000078a564060,0x000000078b200000)
  to   space 38912K, 0% used [0x000000079a780000,0x000000079a780000,0x000000079cd80000)
 ParOldGen       total 126976K, used 21867K [0x00000006c0000000, 0x00000006c7c00000, 0x000000076ab00000)
  object space 126976K, 17% used [0x00000006c0000000,0x00000006c155ae88,0x00000006c7c00000)
 Metaspace       used 9709K, capacity 9862K, committed 10112K, reserved 1058816K
  class space    used 1069K, capacity 1119K, committed 1152K, reserved 1048576K
Event: 6.361 GC heap after
Heap after GC invocations=11 (full 1):
 PSYoungGen      total 778240K, used 36064K [0x000000076ab00000, 0x000000079d000000, 0x00000007c0000000)
  eden space 739328K, 0% used [0x000000076ab00000,0x000000076ab00000,0x0000000797d00000)
  from space 38912K, 92% used [0x000000079a780000,0x000000079cab80a0,0x000000079cd80000)
  to   space 42496K, 0% used [0x0000000797d00000,0x0000000797d00000,0x000000079a680000)
 ParOldGen       total 126976K, used 38507K [0x00000006c0000000, 0x00000006c7c00000, 0x000000076ab00000)
  object space 126976K, 30% used [0x00000006c0000000,0x00000006c259aea8,0x00000006c7c00000)
 Metaspace       used 9709K, capacity 9862K, committed 10112K, reserved 1058816K
  class space    used 1069K, capacity 1119K, committed 1152K, reserved 1048576K
}
Event: 8.185 GC heap before
{Heap before GC invocations=12 (full 1):
 PSYoungGen      total 778240K, used 775392K [0x000000076ab00000, 0x000000079d000000, 0x00000007c0000000)
  eden space 739328K, 100% used [0x000000076ab00000,0x0000000797d00000,0x0000000797d00000)
  from space 38912K, 92% used [0x000000079a780000,0x000000079cab80a0,0x000000079cd80000)
  to   space 42496K, 0% used [0x0000000797d00000,0x0000000797d00000,0x000000079a680000)
 ParOldGen       total 126976K, used 38507K [0x00000006c0000000, 0x00000006c7c00000, 0x000000076ab00000)
  object space 126976K, 30% used [0x00000006c0000000,0x00000006c259aea8,0x00000006c7c00000)
 Metaspace       used 9715K, capacity 9862K, committed 10112K, reserved 1058816K
  class space    used 1069K, capacity 1119K, committed 1152K, reserved 1048576K
Event: 8.226 GC heap after
Heap after GC invocations=12 (full 1):
 PSYoungGen      total 781824K, used 26480K [0x000000076ab00000, 0x00000007b3900000, 0x00000007c0000000)
  eden space 739328K, 0% used [0x000000076ab00000,0x000000076ab00000,0x0000000797d00000)
  from space 42496K, 62% used [0x0000000797d00000,0x00000007996dc060,0x000000079a680000)
  to   space 41472K, 0% used [0x00000007b1080000,0x00000007b1080000,0x00000007b3900000)
 ParOldGen       total 126976K, used 66019K [0x00000006c0000000, 0x00000006c7c00000, 0x000000076ab00000)
  object space 126976K, 51% used [0x00000006c0000000,0x00000006c4078fb8,0x00000006c7c00000)
 Metaspace       used 9715K, capacity 9862K, committed 10112K, reserved 1058816K
  class space    used 1069K, capacity 1119K, committed 1152K, reserved 1048576K
}
Event: 10.116 GC heap before
{Heap before GC invocations=13 (full 1):
 PSYoungGen      total 781824K, used 765808K [0x000000076ab00000, 0x00000007b3900000, 0x00000007c0000000)
  eden space 739328K, 100% used [0x000000076ab00000,0x0000000797d00000,0x0000000797d00000)
  from space 42496K, 62% used [0x0000000797d00000,0x00000007996dc060,0x000000079a680000)
  to   space 41472K, 0% used [0x00000007b1080000,0x00000007b1080000,0x00000007b3900000)
 ParOldGen       total 126976K, used 66019K [0x00000006c0000000, 0x00000006c7c00000, 0x000000076ab00000)
  object space 126976K, 51% used [0x00000006c0000000,0x00000006c4078fb8,0x00000006c7c00000)
 Metaspace       used 9879K, capacity 10086K, committed 10112K, reserved 1058816K
  class space    used 1075K, capacity 1151K, committed 1152K, reserved 1048576K
Event: 10.120 GC heap after
Heap after GC invocations=13 (full 1):
 PSYoungGen      total 1122816K, used 215K [0x000000076ab00000, 0x00000007b2d00000, 0x00000007c0000000)
  eden space 1093632K, 0% used [0x000000076ab00000,0x000000076ab00000,0x00000007ad700000)
  from space 29184K, 0% used [0x00000007b1080000,0x00000007b10b5ea8,0x00000007b2d00000)
  to   space 44032K, 0% used [0x00000007ad700000,0x00000007ad700000,0x00000007b0200000)
 ParOldGen       total 126976K, used 92264K [0x00000006c0000000, 0x00000006c7c00000, 0x000000076ab00000)
  object space 126976K, 72% used [0x00000006c0000000,0x00000006c5a1a058,0x00000006c7c00000)
 Metaspace       used 9879K, capacity 10086K, committed 10112K, reserved 1058816K
  class space    used 1075K, capacity 1151K, committed 1152K, reserved 1048576K
}
Event: 10.120 GC heap before
{Heap before GC invocations=14 (full 2):
 PSYoungGen      total 1122816K, used 215K [0x000000076ab00000, 0x00000007b2d00000, 0x00000007c0000000)
  eden space 1093632K, 0% used [0x000000076ab00000,0x000000076ab00000,0x00000007ad700000)
  from space 29184K, 0% used [0x00000007b1080000,0x00000007b10b5ea8,0x00000007b2d00000)
  to   space 44032K, 0% used [0x00000007ad700000,0x00000007ad700000,0x00000007b0200000)
 ParOldGen       total 126976K, used 92264K [0x00000006c0000000, 0x00000006c7c00000, 0x000000076ab00000)
  object space 126976K, 72% used [0x00000006c0000000,0x00000006c5a1a058,0x00000006c7c00000)
 Metaspace       used 9879K, capacity 10086K, committed 10112K, reserved 1058816K
  class space    used 1075K, capacity 1151K, committed 1152K, reserved 1048576K
Event: 10.129 GC heap after
Heap after GC invocations=14 (full 2):
 PSYoungGen      total 1122816K, used 0K [0x000000076ab00000, 0x00000007b2d00000, 0x00000007c0000000)
  eden space 1093632K, 0% used [0x000000076ab00000,0x000000076ab00000,0x00000007ad700000)
  from space 29184K, 0% used [0x00000007b1080000,0x00000007b1080000,0x00000007b2d00000)
  to   space 44032K, 0% used [0x00000007ad700000,0x00000007ad700000,0x00000007b0200000)
 ParOldGen       total 132096K, used 8551K [0x00000006c0000000, 0x00000006c8100000, 0x000000076ab00000)
  object space 132096K, 6% used [0x00000006c0000000,0x00000006c0859d08,0x00000006c8100000)
 Metaspace       used 9879K, capacity 10086K, committed 10112K, reserved 1058816K
  class space    used 1075K, capacity 1151K, committed 1152K, reserved 1048576K
}
Event: 13.492 GC heap before
{Heap before GC invocations=15 (full 2):
 PSYoungGen      total 1122816K, used 1093632K [0x000000076ab00000, 0x00000007b2d00000, 0x00000007c0000000)
  eden space 1093632K, 100% used [0x000000076ab00000,0x00000007ad700000,0x00000007ad700000)
  from space 29184K, 0% used [0x00000007b1080000,0x00000007b1080000,0x00000007b2d00000)
  to   space 44032K, 0% used [0x00000007ad700000,0x00000007ad700000,0x00000007b0200000)
 ParOldGen       total 132096K, used 8551K [0x00000006c0000000, 0x00000006c8100000, 0x000000076ab00000)
  object space 132096K, 6% used [0x00000006c0000000,0x00000006c0859d08,0x00000006c8100000)
 Metaspace       used 9880K, capacity 10086K, committed 10112K, reserved 1058816K
  class space    used 1075K, capacity 1151K, committed 1152K, reserved 1048576K
Event: 13.493 GC heap after
Heap after GC invocations=15 (full 2):
 PSYoungGen      total 1137664K, used 96K [0x000000076ab00000, 0x00000007c0000000, 0x00000007c0000000)
  eden space 1093632K, 0% used [0x000000076ab00000,0x000000076ab00000,0x00000007ad700000)
  from space 44032K, 0% used [0x00000007ad700000,0x00000007ad718000,0x00000007b0200000)
  to   space 45568K, 0% used [0x00000007bd380000,0x00000007bd380000,0x00000007c0000000)
 ParOldGen       total 132096K, used 8551K [0x00000006c0000000, 0x00000006c8100000, 0x000000076ab00000)
  object space 132096K, 6% used [0x00000006c0000000,0x00000006c0859d08,0x00000006c8100000)
 Metaspace       used 9880K, capacity 10086K, committed 10112K, reserved 1058816K
  class space    used 1075K, capacity 1151K, committed 1152K, reserved 1048576K
}

